<html>
<head>
<title>TestNG:  Test</title>
<link href="../testng.css" rel="stylesheet" type="text/css" />
<link href="../my-testng.css" rel="stylesheet" type="text/css" />

<style type="text/css">
.log { display: none;} 
.stack-trace { display: none;} 
</style>
<script type="text/javascript">
<!--
function flip(e) {
  current = e.style.display;
  if (current == 'block') {
    e.style.display = 'none';
    return 0;
  }
  else {
    e.style.display = 'block';
    return 1;
  }
}

function toggleBox(szDivId, elem, msg1, msg2)
{
  var res = -1;  if (document.getElementById) {
    res = flip(document.getElementById(szDivId));
  }
  else if (document.all) {
    // this is the way old msie versions work
    res = flip(document.all[szDivId]);
  }
  if(elem) {
    if(res == 0) elem.innerHTML = msg1; else elem.innerHTML = msg2;
  }

}

function toggleAllBoxes() {
  if (document.getElementsByTagName) {
    d = document.getElementsByTagName('div');
    for (i = 0; i < d.length; i++) {
      if (d[i].className == 'log') {
        flip(d[i]);
      }
    }
  }
}

// -->
</script>

</head>
<body>
<h2 align='center'>Test</h2><table border='1' align="center">
<tr>
<td>Tests passed/Failed/Skipped:</td><td>20/1/2</td>
</tr><tr>
<td>Started on:</td><td>Thu Jan 20 16:11:07 IST 2022</td>
</tr>
<tr><td>Total time:</td><td>0 seconds (91 ms)</td>
</tr><tr>
<td>Included groups:</td><td></td>
</tr><tr>
<td>Excluded groups:</td><td></td>
</tr>
</table><p/>
<small><i>(Hover the method name to see the test class name)</i></small><p/>
<table width='100%' border='1' class='invocation-failed'>
<tr><td colspan='4' align='center'><b>FAILED TESTS</b></td></tr>
<tr><td><b>Test method</b></td>
<td width="30%"><b>Exception</b></td>
<td width="10%"><b>Time (seconds)</b></td>
<td><b>Instance</b></td>
</tr>
<tr>
<td title='testProjectPackage.TestNG7.z()'><b>z</b><br>Test class: testProjectPackage.TestNG7</td>
<td><div><pre>java.lang.AssertionError: expected [true] but found [false]
	at testProjectPackage.TestNG7.z(TestNG7.java:10)
	at java.base/java.util.concurrent.ThreadPoolExecutor.runWorker(ThreadPoolExecutor.java:1130)
	at java.base/java.util.concurrent.ThreadPoolExecutor$Worker.run(ThreadPoolExecutor.java:630)
	at java.base/java.lang.Thread.run(Thread.java:831)
... Removed 16 stack frames</pre></div><a href='#' onClick='toggleBox("stack-trace853185455", this, "Click to show all stack frames", "Click to hide stack frames")'>Click to show all stack frames</a>
<div class='stack-trace' id='stack-trace853185455'><pre>java.lang.AssertionError: expected [true] but found [false]
	at org.testng.Assert.fail(Assert.java:99)
	at org.testng.Assert.failNotEquals(Assert.java:1037)
	at org.testng.Assert.assertTrue(Assert.java:45)
	at org.testng.Assert.assertTrue(Assert.java:55)
	at testProjectPackage.TestNG7.z(TestNG7.java:10)
	at java.base/jdk.internal.reflect.NativeMethodAccessorImpl.invoke0(Native Method)
	at java.base/jdk.internal.reflect.NativeMethodAccessorImpl.invoke(NativeMethodAccessorImpl.java:78)
	at java.base/jdk.internal.reflect.DelegatingMethodAccessorImpl.invoke(DelegatingMethodAccessorImpl.java:43)
	at java.base/java.lang.reflect.Method.invoke(Method.java:567)
	at org.testng.internal.MethodInvocationHelper.invokeMethod(MethodInvocationHelper.java:133)
	at org.testng.internal.TestInvoker.invokeMethod(TestInvoker.java:598)
	at org.testng.internal.TestInvoker.invokeTestMethod(TestInvoker.java:173)
	at org.testng.internal.MethodRunner.runInSequence(MethodRunner.java:46)
	at org.testng.internal.TestInvoker$MethodInvocationAgent.invoke(TestInvoker.java:824)
	at org.testng.internal.TestInvoker.invokeTestMethods(TestInvoker.java:146)
	at org.testng.internal.TestMethodWorker.invokeTestMethods(TestMethodWorker.java:146)
	at org.testng.internal.TestMethodWorker.run(TestMethodWorker.java:128)
	at java.base/java.util.concurrent.ThreadPoolExecutor.runWorker(ThreadPoolExecutor.java:1130)
	at java.base/java.util.concurrent.ThreadPoolExecutor$Worker.run(ThreadPoolExecutor.java:630)
	at java.base/java.lang.Thread.run(Thread.java:831)
</pre></div></td>
<td>0</td>
<td>testProjectPackage.TestNG7@505fc5a4</td></tr>
</table><p>
<table width='100%' border='1' class='invocation-passed'>
<tr><td colspan='4' align='center'><b>PASSED TESTS</b></td></tr>
<tr><td><b>Test method</b></td>
<td width="30%"><b>Exception</b></td>
<td width="10%"><b>Time (seconds)</b></td>
<td><b>Instance</b></td>
</tr>
<tr>
<td title='testProjectPackage.TestNG4.d()'><b>d</b><br>Test class: testProjectPackage.TestNG4</td>
<td></td>
<td>0</td>
<td>testProjectPackage.TestNG4@5fbdfdcf</td></tr>
<tr>
<td title='testProjectPackage.TestNG4.z()'><b>z</b><br>Test class: testProjectPackage.TestNG4</td>
<td></td>
<td>0</td>
<td>testProjectPackage.TestNG4@5fbdfdcf</td></tr>
<tr>
<td title='testProjectPackage.TestNG1.a2()'><b>a2</b><br>Test class: testProjectPackage.TestNG1</td>
<td></td>
<td>0</td>
<td>testProjectPackage.TestNG1@662b4c69</td></tr>
<tr>
<td title='testProjectPackage.TestNG5.c()'><b>c</b><br>Test class: testProjectPackage.TestNG5</td>
<td></td>
<td>0</td>
<td>testProjectPackage.TestNG5@4efc180e</td></tr>
<tr>
<td title='testProjectPackage.TestNG6.a()'><b>a</b><br>Test class: testProjectPackage.TestNG6</td>
<td></td>
<td>0</td>
<td>testProjectPackage.TestNG6@2a54a73f</td></tr>
<tr>
<td title='testProjectPackage.TestNG4.e()'><b>e</b><br>Test class: testProjectPackage.TestNG4</td>
<td></td>
<td>0</td>
<td>testProjectPackage.TestNG4@5fbdfdcf</td></tr>
<tr>
<td title='testProjectPackage.TestNG4.a3()'><b>a3</b><br>Test class: testProjectPackage.TestNG4</td>
<td></td>
<td>0</td>
<td>testProjectPackage.TestNG4@5fbdfdcf</td></tr>
<tr>
<td title='testProjectPackage.TestNG4.b()'><b>b</b><br>Test class: testProjectPackage.TestNG4</td>
<td></td>
<td>0</td>
<td>testProjectPackage.TestNG4@5fbdfdcf</td></tr>
<tr>
<td title='testProjectPackage.TestNG1.a1()'><b>a1</b><br>Test class: testProjectPackage.TestNG1</td>
<td></td>
<td>0</td>
<td>testProjectPackage.TestNG1@662b4c69</td></tr>
<tr>
<td title='testProjectPackage.TestNG3.b()'><b>b</b><br>Test class: testProjectPackage.TestNG3</td>
<td></td>
<td>0</td>
<td>testProjectPackage.TestNG3@6d3a388c</td></tr>
<tr>
<td title='testProjectPackage.TestNG2.assertionCheck()'><b>assertionCheck</b><br>Test class: testProjectPackage.TestNG2</td>
<td></td>
<td>0</td>
<td>testProjectPackage.TestNG2@51dcb805</td></tr>
<tr>
<td title='testProjectPackage.TestNG3.z()'><b>z</b><br>Test class: testProjectPackage.TestNG3</td>
<td></td>
<td>0</td>
<td>testProjectPackage.TestNG3@6d3a388c</td></tr>
<tr>
<td title='testProjectPackage.TestNG4.s()'><b>s</b><br>Test class: testProjectPackage.TestNG4</td>
<td></td>
<td>0</td>
<td>testProjectPackage.TestNG4@5fbdfdcf</td></tr>
<tr>
<td title='testProjectPackage.TestNG3.a1()'><b>a1</b><br>Test class: testProjectPackage.TestNG3</td>
<td></td>
<td>0</td>
<td>testProjectPackage.TestNG3@6d3a388c</td></tr>
<tr>
<td title='testProjectPackage.TestNG6.c()'><b>c</b><br>Test class: testProjectPackage.TestNG6</td>
<td></td>
<td>0</td>
<td>testProjectPackage.TestNG6@2a54a73f</td></tr>
<tr>
<td title='testProjectPackage.TestNG3.a3()'><b>a3</b><br>Test class: testProjectPackage.TestNG3</td>
<td></td>
<td>0</td>
<td>testProjectPackage.TestNG3@6d3a388c</td></tr>
<tr>
<td title='testProjectPackage.TestNG5.c()'><b>c</b><br>Test class: testProjectPackage.TestNG5</td>
<td></td>
<td>0</td>
<td>testProjectPackage.TestNG5@4efc180e</td></tr>
<tr>
<td title='testProjectPackage.TestNG4.a()'><b>a</b><br>Test class: testProjectPackage.TestNG4</td>
<td></td>
<td>0</td>
<td>testProjectPackage.TestNG4@5fbdfdcf</td></tr>
<tr>
<td title='testProjectPackage.TestNG6.c()'><b>c</b><br>Test class: testProjectPackage.TestNG6</td>
<td></td>
<td>0</td>
<td>testProjectPackage.TestNG6@2a54a73f</td></tr>
<tr>
<td title='testProjectPackage.TestNG4.f()'><b>f</b><br>Test class: testProjectPackage.TestNG4</td>
<td></td>
<td>0</td>
<td>testProjectPackage.TestNG4@5fbdfdcf</td></tr>
</table><p>
<table width='100%' border='1' class='invocation-skipped'>
<tr><td colspan='4' align='center'><b>SKIPPED TESTS</b></td></tr>
<tr><td><b>Test method</b></td>
<td width="30%"><b>Exception</b></td>
<td width="10%"><b>Time (seconds)</b></td>
<td><b>Instance</b></td>
</tr>
<tr>
<td title='testProjectPackage.TestNG5.e()'><b>e</b><br>Test class: testProjectPackage.TestNG5</td>
<td><div><pre>org.testng.SkipException: Skipping e method
	at testProjectPackage.TestNG5.e(TestNG5.java:35)
	at java.base/java.util.concurrent.ThreadPoolExecutor.runWorker(ThreadPoolExecutor.java:1130)
	at java.base/java.util.concurrent.ThreadPoolExecutor$Worker.run(ThreadPoolExecutor.java:630)
	at java.base/java.lang.Thread.run(Thread.java:831)
... Removed 12 stack frames</pre></div><a href='#' onClick='toggleBox("stack-trace1826648802", this, "Click to show all stack frames", "Click to hide stack frames")'>Click to show all stack frames</a>
<div class='stack-trace' id='stack-trace1826648802'><pre>org.testng.SkipException: Skipping e method
	at testProjectPackage.TestNG5.e(TestNG5.java:35)
	at java.base/jdk.internal.reflect.NativeMethodAccessorImpl.invoke0(Native Method)
	at java.base/jdk.internal.reflect.NativeMethodAccessorImpl.invoke(NativeMethodAccessorImpl.java:78)
	at java.base/jdk.internal.reflect.DelegatingMethodAccessorImpl.invoke(DelegatingMethodAccessorImpl.java:43)
	at java.base/java.lang.reflect.Method.invoke(Method.java:567)
	at org.testng.internal.MethodInvocationHelper.invokeMethod(MethodInvocationHelper.java:133)
	at org.testng.internal.TestInvoker.invokeMethod(TestInvoker.java:598)
	at org.testng.internal.TestInvoker.invokeTestMethod(TestInvoker.java:173)
	at org.testng.internal.MethodRunner.runInSequence(MethodRunner.java:46)
	at org.testng.internal.TestInvoker$MethodInvocationAgent.invoke(TestInvoker.java:824)
	at org.testng.internal.TestInvoker.invokeTestMethods(TestInvoker.java:146)
	at org.testng.internal.TestMethodWorker.invokeTestMethods(TestMethodWorker.java:146)
	at org.testng.internal.TestMethodWorker.run(TestMethodWorker.java:128)
	at java.base/java.util.concurrent.ThreadPoolExecutor.runWorker(ThreadPoolExecutor.java:1130)
	at java.base/java.util.concurrent.ThreadPoolExecutor$Worker.run(ThreadPoolExecutor.java:630)
	at java.base/java.lang.Thread.run(Thread.java:831)
</pre></div></td>
<td>0</td>
<td>testProjectPackage.TestNG5@4efc180e</td></tr>
<tr>
<td title='testProjectPackage.TestNG7.b()'><b>b</b><br>Test class: testProjectPackage.TestNG7</td>
<td><div><pre>java.lang.Throwable: Method TestNG7.b()[pri:0, instance:testProjectPackage.TestNG7@505fc5a4] depends on not successfully finished methods
	at java.base/java.util.concurrent.ThreadPoolExecutor.runWorker(ThreadPoolExecutor.java:1130)
	at java.base/java.util.concurrent.ThreadPoolExecutor$Worker.run(ThreadPoolExecutor.java:630)
	at java.base/java.lang.Thread.run(Thread.java:831)
... Removed 3 stack frames</pre></div><a href='#' onClick='toggleBox("stack-trace1465336249", this, "Click to show all stack frames", "Click to hide stack frames")'>Click to show all stack frames</a>
<div class='stack-trace' id='stack-trace1465336249'><pre>java.lang.Throwable: Method TestNG7.b()[pri:0, instance:testProjectPackage.TestNG7@505fc5a4] depends on not successfully finished methods
	at org.testng.internal.TestInvoker.invokeTestMethods(TestInvoker.java:102)
	at org.testng.internal.TestMethodWorker.invokeTestMethods(TestMethodWorker.java:146)
	at org.testng.internal.TestMethodWorker.run(TestMethodWorker.java:128)
	at java.base/java.util.concurrent.ThreadPoolExecutor.runWorker(ThreadPoolExecutor.java:1130)
	at java.base/java.util.concurrent.ThreadPoolExecutor$Worker.run(ThreadPoolExecutor.java:630)
	at java.base/java.lang.Thread.run(Thread.java:831)
</pre></div></td>
<td>0</td>
<td>testProjectPackage.TestNG7@505fc5a4</td></tr>
</table><p>
</body>
</html>